<?xml version="1.0" encoding="UTF-8"?>
<!-- Generated by org.testng.reporters.JUnitReportReporter -->
<testsuite hostname="Himanshu" failures="0" tests="2" name="Execution.RunnerClass" time="7.340" errors="0" timestamp="2024-06-26T12:19:38 IST" skipped="0">
  <testcase classname="Execution.RunnerClass" name="runScenario" time="1.441"/>
  <system-out/>
  <testcase classname="Execution.RunnerClass" name="runScenario" time="5.899"/>
  <system-out/>
</testsuite> <!-- Execution.RunnerClass -->
